[2026-07-02 14:26:02,955] [INFO] [__main__] - 🚀 Бот запускается...
[2026-07-02 14:26:02,956] [INFO] [database.migrations] - ✅ БД соответствует версии 36. Миграция не требуется.
[2026-07-02 14:26:02,956] [INFO] [__main__] - ✅ Admin tariff (id=0) ensured
[2026-07-02 14:26:02,957] [INFO] [bot.services.scheduler] - 🕐 Планировщик ежедневных задач запущен
[2026-07-02 14:26:02,957] [INFO] [bot.services.scheduler] - Следующий запуск задач (03:00) через 12ч 33м
[2026-07-02 14:26:02,957] [INFO] [bot.services.scheduler] - 🕐 Планировщик обновлений запущен
[2026-07-02 14:26:02,958] [INFO] [bot.services.scheduler] - Следующая проверка обновлений (12:00) через 21ч 33м
[2026-07-02 14:26:02,958] [INFO] [bot.services.scheduler] - 📊 Планировщик синхронизации трафика запущен (каждые 5 мин, materialize каждые 30 мин)
[2026-07-02 14:26:02,971] [INFO] [__main__] - ✅ Бот запущен: @super_custom_bot
[2026-07-02 14:26:02,972] [INFO] [aiogram.dispatcher] - Start polling
[2026-07-02 14:26:02,986] [INFO] [aiogram.dispatcher] - Run polling for bot @super_custom_bot id=8192486734 - 'Просто_бот'
[2026-07-02 14:26:07,035] [ERROR] [aiogram.dispatcher] - Failed to fetch updates - TelegramConflictError: Telegram server says - Conflict: terminated by other getUpdates request; make sure that only one bot instance is running
[2026-07-02 14:26:07,035] [WARNING] [aiogram.dispatcher] - Sleep for 1.000000 seconds and try again... (tryings = 0, bot id = 8192486734)
[2026-07-02 14:26:12,437] [ERROR] [aiogram.dispatcher] - Failed to fetch updates - TelegramConflictError: Telegram server says - Conflict: terminated by other getUpdates request; make sure that only one bot instance is running
[2026-07-02 14:26:12,437] [WARNING] [aiogram.dispatcher] - Sleep for 1.491754 seconds and try again... (tryings = 1, bot id = 8192486734)
[2026-07-02 14:26:18,654] [ERROR] [aiogram.dispatcher] - Failed to fetch updates - TelegramConflictError: Telegram server says - Conflict: terminated by other getUpdates request; make sure that only one bot instance is running
[2026-07-02 14:26:18,654] [WARNING] [aiogram.dispatcher] - Sleep for 1.941410 seconds and try again... (tryings = 2, bot id = 8192486734)
[2026-07-02 14:26:25,836] [ERROR] [aiogram.dispatcher] - Failed to fetch updates - TelegramConflictError: Telegram server says - Conflict: terminated by other getUpdates request; make sure that only one bot instance is running
[2026-07-02 14:26:25,836] [WARNING] [aiogram.dispatcher] - Sleep for 2.631689 seconds and try again... (tryings = 3, bot id = 8192486734)
[2026-07-02 14:26:34,361] [ERROR] [aiogram.dispatcher] - Failed to fetch updates - TelegramConflictError: Telegram server says - Conflict: terminated by other getUpdates request; make sure that only one bot instance is running
[2026-07-02 14:26:34,361] [WARNING] [aiogram.dispatcher] - Sleep for 3.276109 seconds and try again... (tryings = 4, bot id = 8192486734)
[2026-07-02 14:26:41,450] [ERROR] [aiogram.dispatcher] - Failed to fetch updates - TelegramConflictError: Telegram server says - Conflict: terminated by other getUpdates request; make sure that only one bot instance is running
[2026-07-02 14:26:41,450] [WARNING] [aiogram.dispatcher] - Sleep for 4.211596 seconds and try again... (tryings = 5, bot id = 8192486734)
[2026-07-02 14:26:50,641] [ERROR] [aiogram.dispatcher] - Failed to fetch updates - TelegramConflictError: Telegram server says - Conflict: terminated by other getUpdates request; make sure that only one bot instance is running
[2026-07-02 14:26:50,641] [WARNING] [aiogram.dispatcher] - Sleep for 5.126367 seconds and try again... (tryings = 6, bot id = 8192486734)
